<?xml version="1.0" encoding="UTF-8"?>
<!-- Generated by org.testng.reporters.JUnitReportReporter -->
<testsuite hostname="DESKTOP-GHTKPHR" failures="0" tests="1" name="tests.TestLoginPage" time="19.811" errors="0" timestamp="2025-05-03T10:34:10 BDT" skipped="0">
  <testcase classname="tests.TestLoginPage" name="loginWithValidCred" time="19.811"/>
</testsuite> <!-- tests.TestLoginPage -->
