<?xml version="1.0" encoding="UTF-8"?>
<!-- Generated by org.testng.reporters.JUnitReportReporter -->
<testsuite hostname="DESKTOP-GHTKPHR" failures="0" tests="1" name="tests.testLoginPage" time="9.060" errors="0" timestamp="2025-04-27T21:26:24 BDT" skipped="0">
  <testcase classname="tests.testLoginPage" name="loginWithValidCred" time="9.060"/>
</testsuite> <!-- tests.testLoginPage -->
